18:30:00.864 INFO  Api call trigger in each 20 sec 
18:30:01.298 INFO  App connected to cowin server, has 1 records 
18:30:03.292 INFO  @cowinErnakulam - Message sent Successfuly 
18:30:03.292 INFO  slots available: 1 messages sent to telegram channel 
18:30:03.292 INFO  process completed 
18:54:00.482 INFO  Api call trigger in each 20 sec 
18:54:00.785 INFO  App connected to cowin server, has 1 records 
18:54:02.715 INFO  @cowinErnakulam - Message sent Successfuly 
18:54:02.715 INFO  slots available: 1 messages sent to telegram channel 
18:54:02.715 INFO  process completed 
19:02:40.553 INFO  Api call trigger in each 20 sec 
19:02:40.888 INFO  App connected to cowin server, has 1 records 
19:02:42.833 INFO  @cowinErnakulam - Message sent Successfuly 
19:02:42.833 INFO  slots available: 1 messages sent to telegram channel 
19:02:42.833 INFO  process completed 
19:09:36.319 INFO  process started 
19:09:40.332 INFO  Api call trigger in each 20 seconds 
19:09:40.664 INFO  App connected to cowin server, has 1 records 
19:09:44.172 INFO  @cowinErnakulam - Message sent Successfuly 
19:09:44.172 INFO  slots available: 1 messages sent to telegram channel 
19:09:44.172 INFO  process completed 
19:16:48.100 INFO  process started 
19:17:00.152 INFO  Api call trigger in each 20 seconds 
19:17:00.453 INFO  App connected to cowin server, has 1 records 
19:17:02.780 INFO  @cowinErnakulam - Message sent Successfuly 
19:17:02.780 INFO  slots available: 1 messages sent to telegram channel 
19:17:02.780 INFO  process completed 
19:25:22.993 INFO  process started 
19:25:40.036 INFO  Api call trigger in each 20 seconds 
19:25:40.331 INFO  App connected to cowin server, has 1 records 
19:25:42.700 INFO  @cowinErnakulam - Message sent Successfuly 
19:25:42.700 INFO  slots available: 1 messages sent to telegram channel 
19:25:42.700 INFO  process completed 
